<?xml version="1.0" encoding="UTF-8"?>
<coverage generated="1713380889562" clover="3.2.0">
  <project timestamp="1713380889562" name="All files">
    <metrics statements="19" coveredstatements="15" conditionals="10" coveredconditionals="5" methods="5" coveredmethods="4" elements="34" coveredelements="24" complexity="0" loc="19" ncloc="19" packages="1" files="5" classes="5"/>
    <file name="all.js" path="D:\برمجة\Jest js\Jest training\all.js">
      <metrics statements="2" coveredstatements="2" conditionals="0" coveredconditionals="0" methods="0" coveredmethods="0"/>
      <line num="1" count="1" type="stmt"/>
      <line num="3" count="1" type="stmt"/>
    </file>
    <file name="input.js" path="D:\برمجة\Jest js\Jest training\input.js">
      <metrics statements="10" coveredstatements="7" conditionals="10" coveredconditionals="5" methods="1" coveredmethods="1"/>
      <line num="2" count="1" type="cond" truecount="1" falsecount="1"/>
      <line num="3" count="0" type="stmt"/>
      <line num="6" count="1" type="cond" truecount="2" falsecount="2"/>
      <line num="7" count="1" type="stmt"/>
      <line num="10" count="1" type="cond" truecount="1" falsecount="1"/>
      <line num="11" count="0" type="stmt"/>
      <line num="14" count="1" type="cond" truecount="1" falsecount="1"/>
      <line num="15" count="0" type="stmt"/>
      <line num="18" count="1" type="stmt"/>
      <line num="21" count="1" type="stmt"/>
    </file>
    <file name="mock.js" path="D:\برمجة\Jest js\Jest training\mock.js">
      <metrics statements="2" coveredstatements="1" conditionals="0" coveredconditionals="0" methods="1" coveredmethods="0"/>
      <line num="2" count="0" type="stmt"/>
      <line num="5" count="1" type="stmt"/>
    </file>
    <file name="say.js" path="D:\برمجة\Jest js\Jest training\say.js">
      <metrics statements="2" coveredstatements="2" conditionals="0" coveredconditionals="0" methods="1" coveredmethods="1"/>
      <line num="2" count="1" type="stmt"/>
      <line num="5" count="1" type="stmt"/>
    </file>
    <file name="sum.js" path="D:\برمجة\Jest js\Jest training\sum.js">
      <metrics statements="3" coveredstatements="3" conditionals="0" coveredconditionals="0" methods="2" coveredmethods="2"/>
      <line num="1" count="1" type="stmt"/>
      <line num="2" count="9" type="stmt"/>
      <line num="5" count="1" type="stmt"/>
    </file>
  </project>
</coverage>
