TN:
SF:all.js
FNF:0
FNH:0
DA:1,1
DA:3,1
LF:2
LH:2
BRF:0
BRH:0
end_of_record
TN:
SF:input.js
FN:1,filterName
FNF:1
FNH:1
FNDA:1,filterName
DA:2,1
DA:3,0
DA:6,1
DA:7,1
DA:10,1
DA:11,0
DA:14,1
DA:15,0
DA:18,1
DA:21,1
LF:10
LH:7
BRDA:2,0,0,0
BRDA:2,0,1,1
BRDA:6,1,0,1
BRDA:6,1,1,0
BRDA:6,2,0,1
BRDA:6,2,1,0
BRDA:10,3,0,0
BRDA:10,3,1,1
BRDA:14,4,0,0
BRDA:14,4,1,1
BRF:10
BRH:5
end_of_record
TN:
SF:mock.js
FN:1,sayHello
FNF:1
FNH:0
FNDA:0,sayHello
DA:2,0
DA:5,1
LF:2
LH:1
BRF:0
BRH:0
end_of_record
TN:
SF:say.js
FN:1,sayHello
FNF:1
FNH:1
FNDA:1,sayHello
DA:2,1
DA:5,1
LF:2
LH:2
BRF:0
BRH:0
end_of_record
TN:
SF:sum.js
FN:1,(anonymous_0)
FN:2,(anonymous_1)
FNF:2
FNH:2
FNDA:5,(anonymous_0)
FNDA:9,(anonymous_1)
DA:1,1
DA:2,9
DA:5,1
LF:3
LH:3
BRF:0
BRH:0
end_of_record
